# JRE version: OpenJDK Runtime Environment Corretto-17.0.14.7.1 (17.0.14+7) (build 17.0.14+7-LTS)
# Java VM: OpenJDK 64-Bit Server VM Corretto-17.0.14.7.1 (17.0.14+7-LTS, mixed mode, sharing, tiered, compressed oops, compressed class ptrs, g1 gc, windows-amd64)
GC Precious Log:
 CPUs: 16 total, 16 available
 Memory: 15996M
 Large Page Support: Disabled
 NUMA Support: Disabled
 Compressed Oops: Enabled (32-bit)
 Heap Region Size: 1M
 Heap Min Capacity: 256M
 Heap Initial Capacity: 256M
 Heap Max Capacity: 512M
 Pre-touch: Disabled
 Parallel Workers: 13
 Concurrent Workers: 3
 Concurrent Refinement Workers: 13
 Periodic GC: Disabled
Heap:
 garbage-first heap   total 262144K, used 144044K [0x00000000e0000000, 0x0000000100000000)
  region size 1024K, 84 young (86016K), 10 survivors (10240K)
 Metaspace       used 54397K, committed 55040K, reserved 393216K
  class space    used 7749K, committed 8064K, reserved 327680K
GC Heap History (16 events):
Event: 1.239 GC heap before
{Heap before GC invocations=0 (full 0):
 garbage-first heap   total 262144K, used 22528K [0x00000000e0000000, 0x0000000100000000)
  region size 1024K, 23 young (23552K), 0 survivors (0K)
 Metaspace       used 1140K, committed 1280K, reserved 393216K
  class space    used 78K, committed 128K, reserved 327680K
}
Event: 1.242 GC heap after
{Heap after GC invocations=1 (full 0):
 garbage-first heap   total 262144K, used 3384K [0x00000000e0000000, 0x0000000100000000)
  region size 1024K, 3 young (3072K), 3 survivors (3072K)
 Metaspace       used 1140K, committed 1280K, reserved 393216K
  class space    used 78K, committed 128K, reserved 327680K
}
Event: 3.258 GC heap before
{Heap before GC invocations=1 (full 0):
 garbage-first heap   total 262144K, used 38200K [0x00000000e0000000, 0x0000000100000000)
  region size 1024K, 34 young (34816K), 3 survivors (3072K)
 Metaspace       used 4451K, committed 4608K, reserved 393216K
  class space    used 550K, committed 640K, reserved 327680K
}
Event: 3.262 GC heap after
{Heap after GC invocations=2 (full 0):
 garbage-first heap   total 262144K, used 11479K [0x00000000e0000000, 0x0000000100000000)
  region size 1024K, 5 young (5120K), 5 survivors (5120K)
 Metaspace       used 4451K, committed 4608K, reserved 393216K
  class space    used 550K, committed 640K, reserved 327680K
}
Event: 5.082 GC heap before
{Heap before GC invocations=2 (full 0):
 garbage-first heap   total 262144K, used 58583K [0x00000000e0000000, 0x0000000100000000)
  region size 1024K, 49 young (50176K), 5 survivors (5120K)
 Metaspace       used 4659K, committed 4864K, reserved 393216K
  class space    used 568K, committed 640K, reserved 327680K
}
Event: 5.086 GC heap after
{Heap after GC invocations=3 (full 0):
 garbage-first heap   total 262144K, used 16453K [0x00000000e0000000, 0x0000000100000000)
  region size 1024K, 5 young (5120K), 5 survivors (5120K)
 Metaspace       used 4659K, committed 4864K, reserved 393216K
  class space    used 568K, committed 640K, reserved 327680K
}
Event: 13.420 GC heap before
{Heap before GC invocations=3 (full 0):
 garbage-first heap   total 262144K, used 128069K [0x00000000e0000000, 0x0000000100000000)
  region size 1024K, 115 young (117760K), 5 survivors (5120K)
 Metaspace       used 21244K, committed 21504K, reserved 393216K
  class space    used 3079K, committed 3200K, reserved 327680K
}
Event: 13.437 GC heap after
{Heap after GC invocations=4 (full 0):
 garbage-first heap   total 262144K, used 24288K [0x00000000e0000000, 0x0000000100000000)
  region size 1024K, 12 young (12288K), 12 survivors (12288K)
 Metaspace       used 21244K, committed 21504K, reserved 393216K
  class space    used 3079K, committed 3200K, reserved 327680K
}
Event: 23.157 GC heap before
{Heap before GC invocations=5 (full 0):
 garbage-first heap   total 262144K, used 166624K [0x00000000e0000000, 0x0000000100000000)
  region size 1024K, 136 young (139264K), 12 survivors (12288K)
 Metaspace       used 35623K, committed 36096K, reserved 393216K
  class space    used 4917K, committed 5120K, reserved 327680K
}
Event: 23.169 GC heap after
{Heap after GC invocations=6 (full 0):
 garbage-first heap   total 262144K, used 47127K [0x00000000e0000000, 0x0000000100000000)
  region size 1024K, 18 young (18432K), 18 survivors (18432K)
 Metaspace       used 35623K, committed 36096K, reserved 393216K
  class space    used 4917K, committed 5120K, reserved 327680K
}
Event: 23.196 GC heap before
{Heap before GC invocations=6 (full 0):
 garbage-first heap   total 262144K, used 48151K [0x00000000e0000000, 0x0000000100000000)
  region size 1024K, 19 young (19456K), 18 survivors (18432K)
 Metaspace       used 35763K, committed 36288K, reserved 393216K
  class space    used 4941K, committed 5184K, reserved 327680K
}
Event: 23.205 GC heap after
{Heap after GC invocations=7 (full 0):
 garbage-first heap   total 262144K, used 47437K [0x00000000e0000000, 0x0000000100000000)
  region size 1024K, 2 young (2048K), 2 survivors (2048K)
 Metaspace       used 35763K, committed 36288K, reserved 393216K
  class space    used 4941K, committed 5184K, reserved 327680K
}
Event: 23.246 GC heap before
{Heap before GC invocations=7 (full 0):
 garbage-first heap   total 262144K, used 49485K [0x00000000e0000000, 0x0000000100000000)
  region size 1024K, 5 young (5120K), 2 survivors (2048K)
 Metaspace       used 35938K, committed 36416K, reserved 393216K
  class space    used 4961K, committed 5184K, reserved 327680K
}
Event: 23.248 GC heap after
{Heap after GC invocations=8 (full 0):
 garbage-first heap   total 262144K, used 46142K [0x00000000e0000000, 0x0000000100000000)
  region size 1024K, 1 young (1024K), 1 survivors (1024K)
 Metaspace       used 35938K, committed 36416K, reserved 393216K
  class space    used 4961K, committed 5184K, reserved 327680K
}
Event: 28.575 GC heap before
{Heap before GC invocations=9 (full 0):
 garbage-first heap   total 262144K, used 206910K [0x00000000e0000000, 0x0000000100000000)
  region size 1024K, 143 young (146432K), 1 survivors (1024K)
 Metaspace       used 49090K, committed 49792K, reserved 393216K
  class space    used 6912K, committed 7232K, reserved 327680K
}
Event: 28.581 GC heap after
{Heap after GC invocations=10 (full 0):
 garbage-first heap   total 262144K, used 69292K [0x00000000e0000000, 0x0000000100000000)
  region size 1024K, 10 young (10240K), 10 survivors (10240K)
 Metaspace       used 49090K, committed 49792K, reserved 393216K
  class space    used 6912K, committed 7232K, reserved 327680K
}

