# JRE version: OpenJDK Runtime Environment Corretto-17.0.14.7.1 (17.0.14+7) (build 17.0.14+7-LTS)
# Java VM: OpenJDK 64-Bit Server VM Corretto-17.0.14.7.1 (17.0.14+7-LTS, mixed mode, sharing, tiered, compressed oops, compressed class ptrs, g1 gc, windows-amd64)
GC Precious Log:
 CPUs: 16 total, 16 available
 Memory: 15996M
 Large Page Support: Disabled
 NUMA Support: Disabled
 Compressed Oops: Enabled (32-bit)
 Heap Region Size: 1M
 Heap Min Capacity: 256M
 Heap Initial Capacity: 256M
 Heap Max Capacity: 512M
 Pre-touch: Disabled
 Parallel Workers: 13
 Concurrent Workers: 3
 Concurrent Refinement Workers: 13
 Periodic GC: Disabled
Heap:
 garbage-first heap   total 262144K, used 125995K [0x00000000e0000000, 0x0000000100000000)
  region size 1024K, 58 young (59392K), 1 survivors (1024K)
 Metaspace       used 52999K, committed 53632K, reserved 393216K
  class space    used 7500K, committed 7808K, reserved 327680K
GC Heap History (18 events):
Event: 1.223 GC heap before
{Heap before GC invocations=0 (full 0):
 garbage-first heap   total 262144K, used 22528K [0x00000000e0000000, 0x0000000100000000)
  region size 1024K, 23 young (23552K), 0 survivors (0K)
 Metaspace       used 1140K, committed 1280K, reserved 393216K
  class space    used 78K, committed 128K, reserved 327680K
}
Event: 1.243 GC heap after
{Heap after GC invocations=1 (full 0):
 garbage-first heap   total 262144K, used 3436K [0x00000000e0000000, 0x0000000100000000)
  region size 1024K, 3 young (3072K), 3 survivors (3072K)
 Metaspace       used 1140K, committed 1280K, reserved 393216K
  class space    used 78K, committed 128K, reserved 327680K
}
Event: 3.101 GC heap before
{Heap before GC invocations=1 (full 0):
 garbage-first heap   total 262144K, used 39276K [0x00000000e0000000, 0x0000000100000000)
  region size 1024K, 35 young (35840K), 3 survivors (3072K)
 Metaspace       used 4454K, committed 4608K, reserved 393216K
  class space    used 550K, committed 640K, reserved 327680K
}
Event: 3.107 GC heap after
{Heap after GC invocations=2 (full 0):
 garbage-first heap   total 262144K, used 11404K [0x00000000e0000000, 0x0000000100000000)
  region size 1024K, 5 young (5120K), 5 survivors (5120K)
 Metaspace       used 4454K, committed 4608K, reserved 393216K
  class space    used 550K, committed 640K, reserved 327680K
}
Event: 4.982 GC heap before
{Heap before GC invocations=2 (full 0):
 garbage-first heap   total 262144K, used 59532K [0x00000000e0000000, 0x0000000100000000)
  region size 1024K, 50 young (51200K), 5 survivors (5120K)
 Metaspace       used 4713K, committed 4928K, reserved 393216K
  class space    used 585K, committed 704K, reserved 327680K
}
Event: 4.986 GC heap after
{Heap after GC invocations=3 (full 0):
 garbage-first heap   total 262144K, used 16485K [0x00000000e0000000, 0x0000000100000000)
  region size 1024K, 5 young (5120K), 5 survivors (5120K)
 Metaspace       used 4713K, committed 4928K, reserved 393216K
  class space    used 585K, committed 704K, reserved 327680K
}
Event: 13.241 GC heap before
{Heap before GC invocations=3 (full 0):
 garbage-first heap   total 262144K, used 127077K [0x00000000e0000000, 0x0000000100000000)
  region size 1024K, 114 young (116736K), 5 survivors (5120K)
 Metaspace       used 21240K, committed 21504K, reserved 393216K
  class space    used 3078K, committed 3200K, reserved 327680K
}
Event: 13.255 GC heap after
{Heap after GC invocations=4 (full 0):
 garbage-first heap   total 262144K, used 23929K [0x00000000e0000000, 0x0000000100000000)
  region size 1024K, 12 young (12288K), 12 survivors (12288K)
 Metaspace       used 21240K, committed 21504K, reserved 393216K
  class space    used 3078K, committed 3200K, reserved 327680K
}
Event: 24.538 GC heap before
{Heap before GC invocations=5 (full 0):
 garbage-first heap   total 262144K, used 166265K [0x00000000e0000000, 0x0000000100000000)
  region size 1024K, 136 young (139264K), 12 survivors (12288K)
 Metaspace       used 35655K, committed 36096K, reserved 393216K
  class space    used 4924K, committed 5120K, reserved 327680K
}
Event: 24.550 GC heap after
{Heap after GC invocations=6 (full 0):
 garbage-first heap   total 262144K, used 46456K [0x00000000e0000000, 0x0000000100000000)
  region size 1024K, 18 young (18432K), 18 survivors (18432K)
 Metaspace       used 35655K, committed 36096K, reserved 393216K
  class space    used 4924K, committed 5120K, reserved 327680K
}
Event: 24.572 GC heap before
{Heap before GC invocations=6 (full 0):
 garbage-first heap   total 262144K, used 47480K [0x00000000e0000000, 0x0000000100000000)
  region size 1024K, 19 young (19456K), 18 survivors (18432K)
 Metaspace       used 35793K, committed 36288K, reserved 393216K
  class space    used 4947K, committed 5184K, reserved 327680K
}
Event: 24.582 GC heap after
{Heap after GC invocations=7 (full 0):
 garbage-first heap   total 262144K, used 47473K [0x00000000e0000000, 0x0000000100000000)
  region size 1024K, 3 young (3072K), 3 survivors (3072K)
 Metaspace       used 35793K, committed 36288K, reserved 393216K
  class space    used 4947K, committed 5184K, reserved 327680K
}
Event: 24.611 GC heap before
{Heap before GC invocations=7 (full 0):
 garbage-first heap   total 262144K, used 48497K [0x00000000e0000000, 0x0000000100000000)
  region size 1024K, 5 young (5120K), 3 survivors (3072K)
 Metaspace       used 35944K, committed 36416K, reserved 393216K
  class space    used 4965K, committed 5184K, reserved 327680K
}
Event: 24.612 GC heap after
{Heap after GC invocations=8 (full 0):
 garbage-first heap   total 262144K, used 45923K [0x00000000e0000000, 0x0000000100000000)
  region size 1024K, 1 young (1024K), 1 survivors (1024K)
 Metaspace       used 35944K, committed 36416K, reserved 393216K
  class space    used 4965K, committed 5184K, reserved 327680K
}
Event: 29.387 GC heap before
{Heap before GC invocations=9 (full 0):
 garbage-first heap   total 262144K, used 206691K [0x00000000e0000000, 0x0000000100000000)
  region size 1024K, 143 young (146432K), 1 survivors (1024K)
 Metaspace       used 49151K, committed 49792K, reserved 393216K
  class space    used 6924K, committed 7232K, reserved 327680K
}
Event: 29.393 GC heap after
{Heap after GC invocations=10 (full 0):
 garbage-first heap   total 262144K, used 68823K [0x00000000e0000000, 0x0000000100000000)
  region size 1024K, 10 young (10240K), 10 survivors (10240K)
 Metaspace       used 49151K, committed 49792K, reserved 393216K
  class space    used 6924K, committed 7232K, reserved 327680K
}
Event: 29.440 GC heap before
{Heap before GC invocations=10 (full 0):
 garbage-first heap   total 262144K, used 70871K [0x00000000e0000000, 0x0000000100000000)
  region size 1024K, 12 young (12288K), 10 survivors (10240K)
 Metaspace       used 49357K, committed 50048K, reserved 393216K
  class space    used 6969K, committed 7296K, reserved 327680K
}
Event: 29.446 GC heap after
{Heap after GC invocations=11 (full 0):
 garbage-first heap   total 262144K, used 69675K [0x00000000e0000000, 0x0000000100000000)
  region size 1024K, 1 young (1024K), 1 survivors (1024K)
 Metaspace       used 49357K, committed 50048K, reserved 393216K
  class space    used 6969K, committed 7296K, reserved 327680K
}

